0 info it worked if it ends with ok
1 verbose cli [ '/Users/stewartmatheson/.nvm/versions/node/v6.2.1/bin/node',
1 verbose cli   '/Users/stewartmatheson/.nvm/versions/node/v6.2.1/bin/npm',
1 verbose cli   'run',
1 verbose cli   'run' ]
2 info using npm@3.9.3
3 info using node@v6.2.1
4 verbose run-script [ 'prerun', 'run', 'postrun' ]
5 info lifecycle water-pistol@1.0.0~prerun: water-pistol@1.0.0
6 silly lifecycle water-pistol@1.0.0~prerun: no script for prerun, continuing
7 info lifecycle water-pistol@1.0.0~run: water-pistol@1.0.0
8 verbose lifecycle water-pistol@1.0.0~run: unsafe-perm in lifecycle true
9 verbose lifecycle water-pistol@1.0.0~run: PATH: /Users/stewartmatheson/.nvm/versions/node/v6.2.1/lib/node_modules/npm/bin/node-gyp-bin:/Users/stewartmatheson/code/javascript/water-pistol/node_modules/.bin:/Users/stewartmatheson/.nvm/versions/node/v6.2.1/bin:/Users/stewartmatheson/.dnx/runtimes/dnx-mono.1.0.0-beta4/bin:/Users/stewartmatheson/.dnx/bin:/Users/stewartmatheson/.rbenv/shims:/Users/stewartmatheson/.rbenv/bin:/Users/stewartmatheson/.nvm/versions/node/v6.2.1/bin:/usr/local/bin:/usr/bin:/bin:/usr/sbin:/sbin:/usr/X11/bin:/usr/local/git/bin:/usr/local/go/bin://Users/stewartmatheson/code/scala/core/bin:/Users/stewartmatheson/bin:/Users/stewartmatheson/code/go/bin:/Users/stewartmatheson/code/java/gradle-2.3/bin
10 verbose lifecycle water-pistol@1.0.0~run: CWD: /Users/stewartmatheson/code/javascript/water-pistol
11 silly lifecycle water-pistol@1.0.0~run: Args: [ '-c', 'node ./harness/index.js' ]
12 silly lifecycle water-pistol@1.0.0~run: Returned: code: 1  signal: null
13 info lifecycle water-pistol@1.0.0~run: Failed to exec run script
14 verbose stack Error: water-pistol@1.0.0 run: `node ./harness/index.js`
14 verbose stack Exit status 1
14 verbose stack     at EventEmitter.<anonymous> (/Users/stewartmatheson/.nvm/versions/node/v6.2.1/lib/node_modules/npm/lib/utils/lifecycle.js:245:16)
14 verbose stack     at emitTwo (events.js:106:13)
14 verbose stack     at EventEmitter.emit (events.js:191:7)
14 verbose stack     at ChildProcess.<anonymous> (/Users/stewartmatheson/.nvm/versions/node/v6.2.1/lib/node_modules/npm/lib/utils/spawn.js:24:14)
14 verbose stack     at emitTwo (events.js:106:13)
14 verbose stack     at ChildProcess.emit (events.js:191:7)
14 verbose stack     at maybeClose (internal/child_process.js:852:16)
14 verbose stack     at Process.ChildProcess._handle.onexit (internal/child_process.js:215:5)
15 verbose pkgid water-pistol@1.0.0
16 verbose cwd /Users/stewartmatheson/code/javascript/water-pistol
17 error Darwin 15.6.0
18 error argv "/Users/stewartmatheson/.nvm/versions/node/v6.2.1/bin/node" "/Users/stewartmatheson/.nvm/versions/node/v6.2.1/bin/npm" "run" "run"
19 error node v6.2.1
20 error npm  v3.9.3
21 error code ELIFECYCLE
22 error water-pistol@1.0.0 run: `node ./harness/index.js`
22 error Exit status 1
23 error Failed at the water-pistol@1.0.0 run script 'node ./harness/index.js'.
23 error Make sure you have the latest version of node.js and npm installed.
23 error If you do, this is most likely a problem with the water-pistol package,
23 error not with npm itself.
23 error Tell the author that this fails on your system:
23 error     node ./harness/index.js
23 error You can get information on how to open an issue for this project with:
23 error     npm bugs water-pistol
23 error Or if that isn't available, you can get their info via:
23 error     npm owner ls water-pistol
23 error There is likely additional logging output above.
24 verbose exit [ 1, true ]
